<?xml version="1.0" encoding="UTF-8"?>
<!-- Generated by org.testng.reporters.JUnitReportReporter -->
<testsuite skipped="0" hostname="DESKTOP-7FSFVSR" name="com.xcart.mobile.testSuite.homePage.TopMenuTest" tests="2" failures="0" timestamp="16 Jun 2021 19:18:45 GMT" time="13.710" errors="0">
  <testcase name="verifyUserShouldNavigateToNewPageSuccessfully" time="6.467" classname="com.xcart.mobile.testSuite.homePage.TopMenuTest"/>
  <testcase name="verifyUserShouldNavigateToShippingPageSuccessfully" time="7.243" classname="com.xcart.mobile.testSuite.homePage.TopMenuTest"/>
</testsuite> <!-- com.xcart.mobile.testSuite.homePage.TopMenuTest -->
