<?xml version="1.0" encoding="UTF-8"?>
<!-- Generated by org.testng.reporters.JUnitReportReporter -->
<testsuite skipped="0" hostname="DESKTOP-7FSFVSR" name="com.xcart.mobile.testSuite.hotDeals.HotDealsTest" tests="2" failures="0" timestamp="16 Jun 2021 19:18:45 GMT" time="40.823" errors="0">
  <testcase name="verifySaleProductsArrangeAlphabetically" time="23.755" classname="com.xcart.mobile.testSuite.hotDeals.HotDealsTest"/>
  <testcase name="verifySaleProductsPriceArrangeLowToHigh" time="17.068" classname="com.xcart.mobile.testSuite.hotDeals.HotDealsTest"/>
</testsuite> <!-- com.xcart.mobile.testSuite.hotDeals.HotDealsTest -->
