<?xml version="1.0" encoding="UTF-8"?>
<!-- Generated by org.testng.reporters.JUnitReportReporter -->
<testsuite skipped="0" hostname="DESKTOP-7FSFVSR" name="com.xcart.mobile.testSuite.shopping.ShoppingTest" tests="2" failures="0" timestamp="16 Jun 2021 19:18:45 GMT" time="86.484" errors="0">
  <testcase name="verifyThatUserShouldPlaceOrderSuccessfullyForAvengersFabrikationsPlush" time="53.310" classname="com.xcart.mobile.testSuite.shopping.ShoppingTest"/>
  <testcase name="verifyThatUserShouldClearShoppingCartSuccessfully" time="33.174" classname="com.xcart.mobile.testSuite.shopping.ShoppingTest"/>
</testsuite> <!-- com.xcart.mobile.testSuite.shopping.ShoppingTest -->
